<?xml version="1.0" encoding="UTF-8"?>
<testsuite xmlns:xsi="http://www.w3.org/2001/XMLSchema-instance" xsi:noNamespaceSchemaLocation="https://maven.apache.org/surefire/maven-surefire-plugin/xsd/surefire-test-report-3.0.xsd" version="3.0" name="CarFactor.CriterionPriceTest" time="0" tests="1" errors="0" skipped="0" failures="0">
  <properties>
    <property name="sun.desktop" value="windows"/>
    <property name="awt.toolkit" value="sun.awt.windows.WToolkit"/>
    <property name="java.specification.version" value="11"/>
    <property name="sun.cpu.isalist" value="amd64"/>
    <property name="sun.jnu.encoding" value="Cp1252"/>
    <property name="java.class.path" value="C:\Users\malek\OneDrive\Bureau\CarFactor-master\target\test-classes;C:\Users\malek\OneDrive\Bureau\CarFactor-master\target\classes;C:\Users\malek\.m2\repository\org\apache\maven\plugins\maven-surefire-report-plugin\3.0.0-M3\maven-surefire-report-plugin-3.0.0-M3.jar;C:\Users\malek\.m2\repository\org\apache\maven\surefire\surefire-report-parser\3.0.0-M3\surefire-report-parser-3.0.0-M3.jar;C:\Users\malek\.m2\repository\org\apache\maven\surefire\surefire-logger-api\3.0.0-M3\surefire-logger-api-3.0.0-M3.jar;C:\Users\malek\.m2\repository\org\apache\maven\reporting\maven-reporting-api\3.0\maven-reporting-api-3.0.jar;C:\Users\malek\.m2\repository\org\apache\maven\maven-plugin-api\3.0\maven-plugin-api-3.0.jar;C:\Users\malek\.m2\repository\org\apache\maven\maven-model\3.0\maven-model-3.0.jar;C:\Users\malek\.m2\repository\org\apache\maven\maven-artifact\3.0\maven-artifact-3.0.jar;C:\Users\malek\.m2\repository\org\sonatype\sisu\sisu-inject-plexus\1.4.2\sisu-inject-plexus-1.4.2.jar;C:\Users\malek\.m2\repository\org\codehaus\plexus\plexus-classworlds\2.2.3\plexus-classworlds-2.2.3.jar;C:\Users\malek\.m2\repository\org\sonatype\sisu\sisu-inject-bean\1.4.2\sisu-inject-bean-1.4.2.jar;C:\Users\malek\.m2\repository\org\sonatype\sisu\sisu-guice\2.1.7\sisu-guice-2.1.7-noaop.jar;C:\Users\malek\.m2\repository\org\apache\maven\reporting\maven-reporting-impl\3.0.0\maven-reporting-impl-3.0.0.jar;C:\Users\malek\.m2\repository\org\apache\maven\maven-core\3.0\maven-core-3.0.jar;C:\Users\malek\.m2\repository\org\apache\maven\maven-settings\3.0\maven-settings-3.0.jar;C:\Users\malek\.m2\repository\org\apache\maven\maven-settings-builder\3.0\maven-settings-builder-3.0.jar;C:\Users\malek\.m2\repository\org\apache\maven\maven-repository-metadata\3.0\maven-repository-metadata-3.0.jar;C:\Users\malek\.m2\repository\org\apache\maven\maven-model-builder\3.0\maven-model-builder-3.0.jar;C:\Users\malek\.m2\repository\org\apache\maven\maven-aether-provider\3.0\maven-aether-provider-3.0.jar;C:\Users\malek\.m2\repository\org\sonatype\aether\aether-impl\1.7\aether-impl-1.7.jar;C:\Users\malek\.m2\repository\org\sonatype\aether\aether-spi\1.7\aether-spi-1.7.jar;C:\Users\malek\.m2\repository\org\sonatype\aether\aether-api\1.7\aether-api-1.7.jar;C:\Users\malek\.m2\repository\org\sonatype\aether\aether-util\1.7\aether-util-1.7.jar;C:\Users\malek\.m2\repository\org\codehaus\plexus\plexus-interpolation\1.14\plexus-interpolation-1.14.jar;C:\Users\malek\.m2\repository\org\sonatype\plexus\plexus-sec-dispatcher\1.3\plexus-sec-dispatcher-1.3.jar;C:\Users\malek\.m2\repository\org\sonatype\plexus\plexus-cipher\1.4\plexus-cipher-1.4.jar;C:\Users\malek\.m2\repository\org\apache\maven\shared\maven-shared-utils\3.2.0\maven-shared-utils-3.2.0.jar;C:\Users\malek\.m2\repository\commons-io\commons-io\2.5\commons-io-2.5.jar;C:\Users\malek\.m2\repository\org\codehaus\plexus\plexus-utils\3.0.24\plexus-utils-3.0.24.jar;C:\Users\malek\.m2\repository\org\apache\maven\doxia\doxia-sink-api\1.8\doxia-sink-api-1.8.jar;C:\Users\malek\.m2\repository\org\apache\maven\doxia\doxia-logging-api\1.8\doxia-logging-api-1.8.jar;C:\Users\malek\.m2\repository\org\apache\maven\doxia\doxia-decoration-model\1.8.1\doxia-decoration-model-1.8.1.jar;C:\Users\malek\.m2\repository\org\codehaus\plexus\plexus-component-annotations\1.6\plexus-component-annotations-1.6.jar;C:\Users\malek\.m2\repository\org\apache\maven\doxia\doxia-core\1.8\doxia-core-1.8.jar;C:\Users\malek\.m2\repository\org\codehaus\plexus\plexus-container-default\1.7.1\plexus-container-default-1.7.1.jar;C:\Users\malek\.m2\repository\org\apache\xbean\xbean-reflect\3.7\xbean-reflect-3.7.jar;C:\Users\malek\.m2\repository\com\google\collections\google-collections\1.0\google-collections-1.0.jar;C:\Users\malek\.m2\repository\org\apache\commons\commons-lang3\3.5\commons-lang3-3.5.jar;C:\Users\malek\.m2\repository\org\apache\httpcomponents\httpclient\4.0.2\httpclient-4.0.2.jar;C:\Users\malek\.m2\repository\commons-logging\commons-logging\1.1.1\commons-logging-1.1.1.jar;C:\Users\malek\.m2\repository\commons-codec\commons-codec\1.3\commons-codec-1.3.jar;C:\Users\malek\.m2\repository\org\apache\httpcomponents\httpcore\4.0.1\httpcore-4.0.1.jar;C:\Users\malek\.m2\repository\org\apache\maven\doxia\doxia-site-renderer\1.8.1\doxia-site-renderer-1.8.1.jar;C:\Users\malek\.m2\repository\org\apache\maven\doxia\doxia-skin-model\1.8.1\doxia-skin-model-1.8.1.jar;C:\Users\malek\.m2\repository\org\apache\maven\doxia\doxia-module-xhtml\1.8\doxia-module-xhtml-1.8.jar;C:\Users\malek\.m2\repository\org\codehaus\plexus\plexus-i18n\1.0-beta-7\plexus-i18n-1.0-beta-7.jar;C:\Users\malek\.m2\repository\org\codehaus\plexus\plexus-velocity\1.2\plexus-velocity-1.2.jar;C:\Users\malek\.m2\repository\org\apache\velocity\velocity\1.7\velocity-1.7.jar;C:\Users\malek\.m2\repository\org\apache\velocity\velocity-tools\2.0\velocity-tools-2.0.jar;C:\Users\malek\.m2\repository\commons-beanutils\commons-beanutils\1.7.0\commons-beanutils-1.7.0.jar;C:\Users\malek\.m2\repository\commons-digester\commons-digester\1.8\commons-digester-1.8.jar;C:\Users\malek\.m2\repository\commons-chain\commons-chain\1.1\commons-chain-1.1.jar;C:\Users\malek\.m2\repository\commons-validator\commons-validator\1.3.1\commons-validator-1.3.1.jar;C:\Users\malek\.m2\repository\dom4j\dom4j\1.1\dom4j-1.1.jar;C:\Users\malek\.m2\repository\oro\oro\2.0.8\oro-2.0.8.jar;C:\Users\malek\.m2\repository\sslext\sslext\1.2-0\sslext-1.2-0.jar;C:\Users\malek\.m2\repository\org\apache\struts\struts-core\1.3.8\struts-core-1.3.8.jar;C:\Users\malek\.m2\repository\antlr\antlr\2.7.2\antlr-2.7.2.jar;C:\Users\malek\.m2\repository\org\apache\struts\struts-taglib\1.3.8\struts-taglib-1.3.8.jar;C:\Users\malek\.m2\repository\org\apache\struts\struts-tiles\1.3.8\struts-tiles-1.3.8.jar;C:\Users\malek\.m2\repository\commons-collections\commons-collections\3.2.1\commons-collections-3.2.1.jar;C:\Users\malek\.m2\repository\commons-lang\commons-lang\2.6\commons-lang-2.6.jar;C:\Users\malek\.m2\repository\org\apache\maven\plugins\maven-surefire-plugin\3.0.0-M3\maven-surefire-plugin-3.0.0-M3.jar;C:\Users\malek\.m2\repository\org\apache\maven\surefire\maven-surefire-common\3.0.0-M3\maven-surefire-common-3.0.0-M3.jar;C:\Users\malek\.m2\repository\org\apache\maven\surefire\surefire-api\3.0.0-M3\surefire-api-3.0.0-M3.jar;C:\Users\malek\.m2\repository\org\apache\maven\surefire\surefire-booter\3.0.0-M3\surefire-booter-3.0.0-M3.jar;C:\Users\malek\.m2\repository\org\apache\maven\maven-toolchain\3.0-alpha-2\maven-toolchain-3.0-alpha-2.jar;C:\Users\malek\.m2\repository\org\apache\maven\maven-compat\3.0-alpha-2\maven-compat-3.0-alpha-2.jar;C:\Users\malek\.m2\repository\org\apache\maven\wagon\wagon-provider-api\1.0-beta-4\wagon-provider-api-1.0-beta-4.jar;C:\Users\malek\.m2\repository\org\codehaus\plexus\plexus-java\1.0.1\plexus-java-1.0.1.jar;C:\Users\malek\.m2\repository\org\ow2\asm\asm\7.0-beta\asm-7.0-beta.jar;C:\Users\malek\.m2\repository\com\thoughtworks\qdox\qdox\2.0-M9\qdox-2.0-M9.jar;C:\Users\malek\.m2\repository\org\junit\jupiter\junit-jupiter\5.5.2\junit-jupiter-5.5.2.jar;C:\Users\malek\.m2\repository\org\junit\jupiter\junit-jupiter-params\5.5.2\junit-jupiter-params-5.5.2.jar;C:\Users\malek\.m2\repository\org\junit\jupiter\junit-jupiter-api\5.5.2\junit-jupiter-api-5.5.2.jar;C:\Users\malek\.m2\repository\org\apiguardian\apiguardian-api\1.1.0\apiguardian-api-1.1.0.jar;C:\Users\malek\.m2\repository\org\opentest4j\opentest4j\1.2.0\opentest4j-1.2.0.jar;C:\Users\malek\.m2\repository\org\junit\platform\junit-platform-commons\1.5.2\junit-platform-commons-1.5.2.jar;C:\Users\malek\.m2\repository\org\junit\jupiter\junit-jupiter-engine\5.5.2\junit-jupiter-engine-5.5.2.jar;C:\Users\malek\.m2\repository\org\junit\platform\junit-platform-engine\1.5.2\junit-platform-engine-1.5.2.jar;C:\Users\malek\.m2\repository\com\googlecode\json-simple\json-simple\1.1.1\json-simple-1.1.1.jar;C:\Users\malek\.m2\repository\junit\junit\4.10\junit-4.10.jar;C:\Users\malek\.m2\repository\org\hamcrest\hamcrest-core\1.1\hamcrest-core-1.1.jar;"/>
    <property name="java.vm.vendor" value="JetBrains s.r.o"/>
    <property name="sun.arch.data.model" value="64"/>
    <property name="user.variant" value=""/>
    <property name="java.vendor.url" value="https://www.jetbrains.com/"/>
    <property name="user.timezone" value="Europe/Paris"/>
    <property name="java.vm.specification.version" value="11"/>
    <property name="os.name" value="Windows 10"/>
    <property name="sun.java.launcher" value="SUN_STANDARD"/>
    <property name="user.country" value="FR"/>
    <property name="sun.boot.library.path" value="C:\Program Files\JetBrains\IntelliJ IDEA Community Edition 2019.2.3\jbr\bin"/>
    <property name="sun.java.command" value="C:\Users\malek\AppData\Local\Temp\surefire15137310042730490494\surefirebooter3413722113166096896.jar C:\Users\malek\AppData\Local\Temp\surefire15137310042730490494 2019-11-28T10-00-27_735-jvmRun1 surefire6389994985314501491tmp surefire_06121134502027423490tmp"/>
    <property name="jdk.debug" value="release"/>
    <property name="surefire.test.class.path" value="C:\Users\malek\OneDrive\Bureau\CarFactor-master\target\test-classes;C:\Users\malek\OneDrive\Bureau\CarFactor-master\target\classes;C:\Users\malek\.m2\repository\org\apache\maven\plugins\maven-surefire-report-plugin\3.0.0-M3\maven-surefire-report-plugin-3.0.0-M3.jar;C:\Users\malek\.m2\repository\org\apache\maven\surefire\surefire-report-parser\3.0.0-M3\surefire-report-parser-3.0.0-M3.jar;C:\Users\malek\.m2\repository\org\apache\maven\surefire\surefire-logger-api\3.0.0-M3\surefire-logger-api-3.0.0-M3.jar;C:\Users\malek\.m2\repository\org\apache\maven\reporting\maven-reporting-api\3.0\maven-reporting-api-3.0.jar;C:\Users\malek\.m2\repository\org\apache\maven\maven-plugin-api\3.0\maven-plugin-api-3.0.jar;C:\Users\malek\.m2\repository\org\apache\maven\maven-model\3.0\maven-model-3.0.jar;C:\Users\malek\.m2\repository\org\apache\maven\maven-artifact\3.0\maven-artifact-3.0.jar;C:\Users\malek\.m2\repository\org\sonatype\sisu\sisu-inject-plexus\1.4.2\sisu-inject-plexus-1.4.2.jar;C:\Users\malek\.m2\repository\org\codehaus\plexus\plexus-classworlds\2.2.3\plexus-classworlds-2.2.3.jar;C:\Users\malek\.m2\repository\org\sonatype\sisu\sisu-inject-bean\1.4.2\sisu-inject-bean-1.4.2.jar;C:\Users\malek\.m2\repository\org\sonatype\sisu\sisu-guice\2.1.7\sisu-guice-2.1.7-noaop.jar;C:\Users\malek\.m2\repository\org\apache\maven\reporting\maven-reporting-impl\3.0.0\maven-reporting-impl-3.0.0.jar;C:\Users\malek\.m2\repository\org\apache\maven\maven-core\3.0\maven-core-3.0.jar;C:\Users\malek\.m2\repository\org\apache\maven\maven-settings\3.0\maven-settings-3.0.jar;C:\Users\malek\.m2\repository\org\apache\maven\maven-settings-builder\3.0\maven-settings-builder-3.0.jar;C:\Users\malek\.m2\repository\org\apache\maven\maven-repository-metadata\3.0\maven-repository-metadata-3.0.jar;C:\Users\malek\.m2\repository\org\apache\maven\maven-model-builder\3.0\maven-model-builder-3.0.jar;C:\Users\malek\.m2\repository\org\apache\maven\maven-aether-provider\3.0\maven-aether-provider-3.0.jar;C:\Users\malek\.m2\repository\org\sonatype\aether\aether-impl\1.7\aether-impl-1.7.jar;C:\Users\malek\.m2\repository\org\sonatype\aether\aether-spi\1.7\aether-spi-1.7.jar;C:\Users\malek\.m2\repository\org\sonatype\aether\aether-api\1.7\aether-api-1.7.jar;C:\Users\malek\.m2\repository\org\sonatype\aether\aether-util\1.7\aether-util-1.7.jar;C:\Users\malek\.m2\repository\org\codehaus\plexus\plexus-interpolation\1.14\plexus-interpolation-1.14.jar;C:\Users\malek\.m2\repository\org\sonatype\plexus\plexus-sec-dispatcher\1.3\plexus-sec-dispatcher-1.3.jar;C:\Users\malek\.m2\repository\org\sonatype\plexus\plexus-cipher\1.4\plexus-cipher-1.4.jar;C:\Users\malek\.m2\repository\org\apache\maven\shared\maven-shared-utils\3.2.0\maven-shared-utils-3.2.0.jar;C:\Users\malek\.m2\repository\commons-io\commons-io\2.5\commons-io-2.5.jar;C:\Users\malek\.m2\repository\org\codehaus\plexus\plexus-utils\3.0.24\plexus-utils-3.0.24.jar;C:\Users\malek\.m2\repository\org\apache\maven\doxia\doxia-sink-api\1.8\doxia-sink-api-1.8.jar;C:\Users\malek\.m2\repository\org\apache\maven\doxia\doxia-logging-api\1.8\doxia-logging-api-1.8.jar;C:\Users\malek\.m2\repository\org\apache\maven\doxia\doxia-decoration-model\1.8.1\doxia-decoration-model-1.8.1.jar;C:\Users\malek\.m2\repository\org\codehaus\plexus\plexus-component-annotations\1.6\plexus-component-annotations-1.6.jar;C:\Users\malek\.m2\repository\org\apache\maven\doxia\doxia-core\1.8\doxia-core-1.8.jar;C:\Users\malek\.m2\repository\org\codehaus\plexus\plexus-container-default\1.7.1\plexus-container-default-1.7.1.jar;C:\Users\malek\.m2\repository\org\apache\xbean\xbean-reflect\3.7\xbean-reflect-3.7.jar;C:\Users\malek\.m2\repository\com\google\collections\google-collections\1.0\google-collections-1.0.jar;C:\Users\malek\.m2\repository\org\apache\commons\commons-lang3\3.5\commons-lang3-3.5.jar;C:\Users\malek\.m2\repository\org\apache\httpcomponents\httpclient\4.0.2\httpclient-4.0.2.jar;C:\Users\malek\.m2\repository\commons-logging\commons-logging\1.1.1\commons-logging-1.1.1.jar;C:\Users\malek\.m2\repository\commons-codec\commons-codec\1.3\commons-codec-1.3.jar;C:\Users\malek\.m2\repository\org\apache\httpcomponents\httpcore\4.0.1\httpcore-4.0.1.jar;C:\Users\malek\.m2\repository\org\apache\maven\doxia\doxia-site-renderer\1.8.1\doxia-site-renderer-1.8.1.jar;C:\Users\malek\.m2\repository\org\apache\maven\doxia\doxia-skin-model\1.8.1\doxia-skin-model-1.8.1.jar;C:\Users\malek\.m2\repository\org\apache\maven\doxia\doxia-module-xhtml\1.8\doxia-module-xhtml-1.8.jar;C:\Users\malek\.m2\repository\org\codehaus\plexus\plexus-i18n\1.0-beta-7\plexus-i18n-1.0-beta-7.jar;C:\Users\malek\.m2\repository\org\codehaus\plexus\plexus-velocity\1.2\plexus-velocity-1.2.jar;C:\Users\malek\.m2\repository\org\apache\velocity\velocity\1.7\velocity-1.7.jar;C:\Users\malek\.m2\repository\org\apache\velocity\velocity-tools\2.0\velocity-tools-2.0.jar;C:\Users\malek\.m2\repository\commons-beanutils\commons-beanutils\1.7.0\commons-beanutils-1.7.0.jar;C:\Users\malek\.m2\repository\commons-digester\commons-digester\1.8\commons-digester-1.8.jar;C:\Users\malek\.m2\repository\commons-chain\commons-chain\1.1\commons-chain-1.1.jar;C:\Users\malek\.m2\repository\commons-validator\commons-validator\1.3.1\commons-validator-1.3.1.jar;C:\Users\malek\.m2\repository\dom4j\dom4j\1.1\dom4j-1.1.jar;C:\Users\malek\.m2\repository\oro\oro\2.0.8\oro-2.0.8.jar;C:\Users\malek\.m2\repository\sslext\sslext\1.2-0\sslext-1.2-0.jar;C:\Users\malek\.m2\repository\org\apache\struts\struts-core\1.3.8\struts-core-1.3.8.jar;C:\Users\malek\.m2\repository\antlr\antlr\2.7.2\antlr-2.7.2.jar;C:\Users\malek\.m2\repository\org\apache\struts\struts-taglib\1.3.8\struts-taglib-1.3.8.jar;C:\Users\malek\.m2\repository\org\apache\struts\struts-tiles\1.3.8\struts-tiles-1.3.8.jar;C:\Users\malek\.m2\repository\commons-collections\commons-collections\3.2.1\commons-collections-3.2.1.jar;C:\Users\malek\.m2\repository\commons-lang\commons-lang\2.6\commons-lang-2.6.jar;C:\Users\malek\.m2\repository\org\apache\maven\plugins\maven-surefire-plugin\3.0.0-M3\maven-surefire-plugin-3.0.0-M3.jar;C:\Users\malek\.m2\repository\org\apache\maven\surefire\maven-surefire-common\3.0.0-M3\maven-surefire-common-3.0.0-M3.jar;C:\Users\malek\.m2\repository\org\apache\maven\surefire\surefire-api\3.0.0-M3\surefire-api-3.0.0-M3.jar;C:\Users\malek\.m2\repository\org\apache\maven\surefire\surefire-booter\3.0.0-M3\surefire-booter-3.0.0-M3.jar;C:\Users\malek\.m2\repository\org\apache\maven\maven-toolchain\3.0-alpha-2\maven-toolchain-3.0-alpha-2.jar;C:\Users\malek\.m2\repository\org\apache\maven\maven-compat\3.0-alpha-2\maven-compat-3.0-alpha-2.jar;C:\Users\malek\.m2\repository\org\apache\maven\wagon\wagon-provider-api\1.0-beta-4\wagon-provider-api-1.0-beta-4.jar;C:\Users\malek\.m2\repository\org\codehaus\plexus\plexus-java\1.0.1\plexus-java-1.0.1.jar;C:\Users\malek\.m2\repository\org\ow2\asm\asm\7.0-beta\asm-7.0-beta.jar;C:\Users\malek\.m2\repository\com\thoughtworks\qdox\qdox\2.0-M9\qdox-2.0-M9.jar;C:\Users\malek\.m2\repository\org\junit\jupiter\junit-jupiter\5.5.2\junit-jupiter-5.5.2.jar;C:\Users\malek\.m2\repository\org\junit\jupiter\junit-jupiter-params\5.5.2\junit-jupiter-params-5.5.2.jar;C:\Users\malek\.m2\repository\org\junit\jupiter\junit-jupiter-api\5.5.2\junit-jupiter-api-5.5.2.jar;C:\Users\malek\.m2\repository\org\apiguardian\apiguardian-api\1.1.0\apiguardian-api-1.1.0.jar;C:\Users\malek\.m2\repository\org\opentest4j\opentest4j\1.2.0\opentest4j-1.2.0.jar;C:\Users\malek\.m2\repository\org\junit\platform\junit-platform-commons\1.5.2\junit-platform-commons-1.5.2.jar;C:\Users\malek\.m2\repository\org\junit\jupiter\junit-jupiter-engine\5.5.2\junit-jupiter-engine-5.5.2.jar;C:\Users\malek\.m2\repository\org\junit\platform\junit-platform-engine\1.5.2\junit-platform-engine-1.5.2.jar;C:\Users\malek\.m2\repository\com\googlecode\json-simple\json-simple\1.1.1\json-simple-1.1.1.jar;C:\Users\malek\.m2\repository\junit\junit\4.10\junit-4.10.jar;C:\Users\malek\.m2\repository\org\hamcrest\hamcrest-core\1.1\hamcrest-core-1.1.jar;"/>
    <property name="sun.cpu.endian" value="little"/>
    <property name="user.home" value="C:\Users\malek"/>
    <property name="user.language" value="fr"/>
    <property name="java.specification.vendor" value="Oracle Corporation"/>
    <property name="java.version.date" value="2019-07-16"/>
    <property name="java.home" value="C:\Program Files\JetBrains\IntelliJ IDEA Community Edition 2019.2.3\jbr"/>
    <property name="file.separator" value="\"/>
    <property name="basedir" value="C:\Users\malek\OneDrive\Bureau\CarFactor-master"/>
    <property name="java.vm.compressedOopsMode" value="Zero based"/>
    <property name="line.separator" value="&#10;"/>
    <property name="idea.version2019.2.3" value="true"/>
    <property name="java.specification.name" value="Java Platform API Specification"/>
    <property name="java.vm.specification.vendor" value="Oracle Corporation"/>
    <property name="java.awt.graphicsenv" value="sun.awt.Win32GraphicsEnvironment"/>
    <property name="surefire.real.class.path" value="C:\Users\malek\AppData\Local\Temp\surefire15137310042730490494\surefirebooter3413722113166096896.jar"/>
    <property name="user.script" value=""/>
    <property name="sun.management.compiler" value="HotSpot 64-Bit Tiered Compilers"/>
    <property name="java.runtime.version" value="11.0.4+10-b304.69"/>
    <property name="user.name" value="malek"/>
    <property name="path.separator" value=";"/>
    <property name="os.version" value="10.0"/>
    <property name="java.runtime.name" value="OpenJDK Runtime Environment"/>
    <property name="file.encoding" value="Cp1252"/>
    <property name="java.vm.name" value="OpenJDK 64-Bit Server VM"/>
    <property name="localRepository" value="C:\Users\malek\.m2\repository"/>
    <property name="java.vendor.url.bug" value="https://youtrack.jetbrains.com"/>
    <property name="java.io.tmpdir" value="C:\Users\malek\AppData\Local\Temp\"/>
    <property name="java.version" value="11.0.4"/>
    <property name="user.dir" value="C:\Users\malek\OneDrive\Bureau\CarFactor-master"/>
    <property name="os.arch" value="amd64"/>
    <property name="java.vm.specification.name" value="Java Virtual Machine Specification"/>
    <property name="java.awt.printerjob" value="sun.awt.windows.WPrinterJob"/>
    <property name="sun.os.patch.level" value=""/>
    <property name="java.library.path" value="C:\Program Files\JetBrains\IntelliJ IDEA Community Edition 2019.2.3\jbr\bin;C:\Windows\Sun\Java\bin;C:\Windows\system32;C:\Windows;C:\VulkanSDK\1.1.121.2\Bin;C:\Windows\system32;C:\Windows;C:\Windows\System32\Wbem;C:\Windows\System32\WindowsPowerShell\v1.0\;C:\Windows\System32\OpenSSH\;C:\Program Files (x86)\NVIDIA Corporation\PhysX\Common;C:\Program Files\NVIDIA Corporation\NVIDIA NvDLISR;C:\Program Files\Microsoft SQL Server\130\Tools\Binn\;C:\Program Files (x86)\Microsoft VS Code\bin;C:\Program Files\Microsoft SQL Server\120\Tools\Binn\;C:\ProgramData\ComposerSetup\bin;C:\Program Files\Microsoft SQL Server\Client SDK\ODBC\130\Tools\Binn\;C:\Program Files (x86)\Microsoft SQL Server\140\Tools\Binn\;C:\Program Files\Microsoft SQL Server\140\Tools\Binn\;C:\Program Files\Microsoft SQL Server\140\DTS\Binn\;C:\Program Files (x86)\Microsoft SQL Server\150\DTS\Binn\;C:\Program Files\Git\cmd;C:\Program Files\PuTTY\;C:\Program Files\nodejs\;C:\Users\malek\AppData\Local\Microsoft\WindowsApps;C:\Users\malek\AppData\Local\GitHubDesktop\bin;C:\Program Files\JetBrains\IntelliJ IDEA Community Edition 2019.2.3\bin;;C:\wamp64\bin\php\php7.3.5;C:\Users\malek\AppData\Roaming\Composer\vendor\bin;C:\Users\malek\AppData\Roaming\npm;."/>
    <property name="java.vendor" value="JetBrains s.r.o"/>
    <property name="java.vm.info" value="mixed mode, sharing"/>
    <property name="java.vm.version" value="11.0.4+10-b304.69"/>
    <property name="sun.io.unicode.encoding" value="UnicodeLittle"/>
    <property name="java.class.version" value="55.0"/>
  </properties>
  <testcase name="testIsValid" classname="CarFactor.CriterionPriceTest" time="0"/>
</testsuite>