<?xml version="1.0" encoding="UTF-8"?>
<testsuite xmlns:xsi="http://www.w3.org/2001/XMLSchema-instance" xsi:noNamespaceSchemaLocation="https://maven.apache.org/surefire/maven-surefire-plugin/xsd/surefire-test-report-3.0.xsd" version="3.0" name="CarFactor.CriterionNormTest" time="0" tests="1" errors="0" skipped="0" failures="0">
  <properties>
    <property name="gopherProxySet" value="false"/>
    <property name="awt.toolkit" value="sun.lwawt.macosx.LWCToolkit"/>
    <property name="file.encoding.pkg" value="sun.io"/>
    <property name="java.specification.version" value="1.8"/>
    <property name="sun.cpu.isalist" value=""/>
    <property name="sun.jnu.encoding" value="UTF-8"/>
    <property name="java.class.path" value="/Users/victorsmits/Dropbox/ECAM/MIN 4/Architecture and software quality/CarFactor/target/test-classes:/Users/victorsmits/Dropbox/ECAM/MIN 4/Architecture and software quality/CarFactor/target/classes:/Users/victorsmits/.m2/repository/org/apache/maven/plugins/maven-surefire-report-plugin/3.0.0-M3/maven-surefire-report-plugin-3.0.0-M3.jar:/Users/victorsmits/.m2/repository/org/apache/maven/surefire/surefire-report-parser/3.0.0-M3/surefire-report-parser-3.0.0-M3.jar:/Users/victorsmits/.m2/repository/org/apache/maven/surefire/surefire-logger-api/3.0.0-M3/surefire-logger-api-3.0.0-M3.jar:/Users/victorsmits/.m2/repository/org/apache/maven/reporting/maven-reporting-api/3.0/maven-reporting-api-3.0.jar:/Users/victorsmits/.m2/repository/org/apache/maven/maven-plugin-api/3.0/maven-plugin-api-3.0.jar:/Users/victorsmits/.m2/repository/org/apache/maven/maven-model/3.0/maven-model-3.0.jar:/Users/victorsmits/.m2/repository/org/apache/maven/maven-artifact/3.0/maven-artifact-3.0.jar:/Users/victorsmits/.m2/repository/org/sonatype/sisu/sisu-inject-plexus/1.4.2/sisu-inject-plexus-1.4.2.jar:/Users/victorsmits/.m2/repository/org/codehaus/plexus/plexus-classworlds/2.2.3/plexus-classworlds-2.2.3.jar:/Users/victorsmits/.m2/repository/org/sonatype/sisu/sisu-inject-bean/1.4.2/sisu-inject-bean-1.4.2.jar:/Users/victorsmits/.m2/repository/org/sonatype/sisu/sisu-guice/2.1.7/sisu-guice-2.1.7-noaop.jar:/Users/victorsmits/.m2/repository/org/apache/maven/reporting/maven-reporting-impl/3.0.0/maven-reporting-impl-3.0.0.jar:/Users/victorsmits/.m2/repository/org/apache/maven/maven-core/3.0/maven-core-3.0.jar:/Users/victorsmits/.m2/repository/org/apache/maven/maven-settings/3.0/maven-settings-3.0.jar:/Users/victorsmits/.m2/repository/org/apache/maven/maven-settings-builder/3.0/maven-settings-builder-3.0.jar:/Users/victorsmits/.m2/repository/org/apache/maven/maven-repository-metadata/3.0/maven-repository-metadata-3.0.jar:/Users/victorsmits/.m2/repository/org/apache/maven/maven-model-builder/3.0/maven-model-builder-3.0.jar:/Users/victorsmits/.m2/repository/org/apache/maven/maven-aether-provider/3.0/maven-aether-provider-3.0.jar:/Users/victorsmits/.m2/repository/org/sonatype/aether/aether-impl/1.7/aether-impl-1.7.jar:/Users/victorsmits/.m2/repository/org/sonatype/aether/aether-spi/1.7/aether-spi-1.7.jar:/Users/victorsmits/.m2/repository/org/sonatype/aether/aether-api/1.7/aether-api-1.7.jar:/Users/victorsmits/.m2/repository/org/sonatype/aether/aether-util/1.7/aether-util-1.7.jar:/Users/victorsmits/.m2/repository/org/codehaus/plexus/plexus-interpolation/1.14/plexus-interpolation-1.14.jar:/Users/victorsmits/.m2/repository/org/sonatype/plexus/plexus-sec-dispatcher/1.3/plexus-sec-dispatcher-1.3.jar:/Users/victorsmits/.m2/repository/org/sonatype/plexus/plexus-cipher/1.4/plexus-cipher-1.4.jar:/Users/victorsmits/.m2/repository/org/apache/maven/shared/maven-shared-utils/3.2.0/maven-shared-utils-3.2.0.jar:/Users/victorsmits/.m2/repository/commons-io/commons-io/2.5/commons-io-2.5.jar:/Users/victorsmits/.m2/repository/org/codehaus/plexus/plexus-utils/3.0.24/plexus-utils-3.0.24.jar:/Users/victorsmits/.m2/repository/org/apache/maven/doxia/doxia-sink-api/1.8/doxia-sink-api-1.8.jar:/Users/victorsmits/.m2/repository/org/apache/maven/doxia/doxia-logging-api/1.8/doxia-logging-api-1.8.jar:/Users/victorsmits/.m2/repository/org/apache/maven/doxia/doxia-decoration-model/1.8.1/doxia-decoration-model-1.8.1.jar:/Users/victorsmits/.m2/repository/org/codehaus/plexus/plexus-component-annotations/1.6/plexus-component-annotations-1.6.jar:/Users/victorsmits/.m2/repository/org/apache/maven/doxia/doxia-core/1.8/doxia-core-1.8.jar:/Users/victorsmits/.m2/repository/org/codehaus/plexus/plexus-container-default/1.7.1/plexus-container-default-1.7.1.jar:/Users/victorsmits/.m2/repository/org/apache/xbean/xbean-reflect/3.7/xbean-reflect-3.7.jar:/Users/victorsmits/.m2/repository/com/google/collections/google-collections/1.0/google-collections-1.0.jar:/Users/victorsmits/.m2/repository/org/apache/commons/commons-lang3/3.5/commons-lang3-3.5.jar:/Users/victorsmits/.m2/repository/org/apache/httpcomponents/httpclient/4.0.2/httpclient-4.0.2.jar:/Users/victorsmits/.m2/repository/commons-logging/commons-logging/1.1.1/commons-logging-1.1.1.jar:/Users/victorsmits/.m2/repository/commons-codec/commons-codec/1.3/commons-codec-1.3.jar:/Users/victorsmits/.m2/repository/org/apache/httpcomponents/httpcore/4.0.1/httpcore-4.0.1.jar:/Users/victorsmits/.m2/repository/org/apache/maven/doxia/doxia-site-renderer/1.8.1/doxia-site-renderer-1.8.1.jar:/Users/victorsmits/.m2/repository/org/apache/maven/doxia/doxia-skin-model/1.8.1/doxia-skin-model-1.8.1.jar:/Users/victorsmits/.m2/repository/org/apache/maven/doxia/doxia-module-xhtml/1.8/doxia-module-xhtml-1.8.jar:/Users/victorsmits/.m2/repository/org/codehaus/plexus/plexus-i18n/1.0-beta-7/plexus-i18n-1.0-beta-7.jar:/Users/victorsmits/.m2/repository/org/codehaus/plexus/plexus-velocity/1.2/plexus-velocity-1.2.jar:/Users/victorsmits/.m2/repository/org/apache/velocity/velocity/1.7/velocity-1.7.jar:/Users/victorsmits/.m2/repository/org/apache/velocity/velocity-tools/2.0/velocity-tools-2.0.jar:/Users/victorsmits/.m2/repository/commons-beanutils/commons-beanutils/1.7.0/commons-beanutils-1.7.0.jar:/Users/victorsmits/.m2/repository/commons-digester/commons-digester/1.8/commons-digester-1.8.jar:/Users/victorsmits/.m2/repository/commons-chain/commons-chain/1.1/commons-chain-1.1.jar:/Users/victorsmits/.m2/repository/commons-validator/commons-validator/1.3.1/commons-validator-1.3.1.jar:/Users/victorsmits/.m2/repository/dom4j/dom4j/1.1/dom4j-1.1.jar:/Users/victorsmits/.m2/repository/oro/oro/2.0.8/oro-2.0.8.jar:/Users/victorsmits/.m2/repository/sslext/sslext/1.2-0/sslext-1.2-0.jar:/Users/victorsmits/.m2/repository/org/apache/struts/struts-core/1.3.8/struts-core-1.3.8.jar:/Users/victorsmits/.m2/repository/antlr/antlr/2.7.2/antlr-2.7.2.jar:/Users/victorsmits/.m2/repository/org/apache/struts/struts-taglib/1.3.8/struts-taglib-1.3.8.jar:/Users/victorsmits/.m2/repository/org/apache/struts/struts-tiles/1.3.8/struts-tiles-1.3.8.jar:/Users/victorsmits/.m2/repository/commons-collections/commons-collections/3.2.1/commons-collections-3.2.1.jar:/Users/victorsmits/.m2/repository/commons-lang/commons-lang/2.6/commons-lang-2.6.jar:/Users/victorsmits/.m2/repository/org/apache/maven/plugins/maven-surefire-plugin/3.0.0-M3/maven-surefire-plugin-3.0.0-M3.jar:/Users/victorsmits/.m2/repository/org/apache/maven/surefire/maven-surefire-common/3.0.0-M3/maven-surefire-common-3.0.0-M3.jar:/Users/victorsmits/.m2/repository/org/apache/maven/surefire/surefire-api/3.0.0-M3/surefire-api-3.0.0-M3.jar:/Users/victorsmits/.m2/repository/org/apache/maven/surefire/surefire-booter/3.0.0-M3/surefire-booter-3.0.0-M3.jar:/Users/victorsmits/.m2/repository/org/apache/maven/maven-toolchain/3.0-alpha-2/maven-toolchain-3.0-alpha-2.jar:/Users/victorsmits/.m2/repository/org/apache/maven/maven-compat/3.0-alpha-2/maven-compat-3.0-alpha-2.jar:/Users/victorsmits/.m2/repository/org/apache/maven/wagon/wagon-provider-api/1.0-beta-4/wagon-provider-api-1.0-beta-4.jar:/Users/victorsmits/.m2/repository/org/codehaus/plexus/plexus-java/1.0.1/plexus-java-1.0.1.jar:/Users/victorsmits/.m2/repository/org/ow2/asm/asm/7.0-beta/asm-7.0-beta.jar:/Users/victorsmits/.m2/repository/com/thoughtworks/qdox/qdox/2.0-M9/qdox-2.0-M9.jar:/Users/victorsmits/.m2/repository/org/junit/jupiter/junit-jupiter/5.5.2/junit-jupiter-5.5.2.jar:/Users/victorsmits/.m2/repository/org/junit/jupiter/junit-jupiter-params/5.5.2/junit-jupiter-params-5.5.2.jar:/Users/victorsmits/.m2/repository/org/junit/jupiter/junit-jupiter-api/5.5.2/junit-jupiter-api-5.5.2.jar:/Users/victorsmits/.m2/repository/org/apiguardian/apiguardian-api/1.1.0/apiguardian-api-1.1.0.jar:/Users/victorsmits/.m2/repository/org/opentest4j/opentest4j/1.2.0/opentest4j-1.2.0.jar:/Users/victorsmits/.m2/repository/org/junit/platform/junit-platform-commons/1.5.2/junit-platform-commons-1.5.2.jar:/Users/victorsmits/.m2/repository/org/junit/jupiter/junit-jupiter-engine/5.5.2/junit-jupiter-engine-5.5.2.jar:/Users/victorsmits/.m2/repository/org/junit/platform/junit-platform-engine/1.5.2/junit-platform-engine-1.5.2.jar:"/>
    <property name="java.vm.vendor" value="Oracle Corporation"/>
    <property name="sun.arch.data.model" value="64"/>
    <property name="java.vendor.url" value="http://java.oracle.com/"/>
    <property name="user.timezone" value=""/>
    <property name="java.vm.specification.version" value="1.8"/>
    <property name="os.name" value="Mac OS X"/>
    <property name="user.country" value="BE"/>
    <property name="sun.java.launcher" value="SUN_STANDARD"/>
    <property name="sun.boot.library.path" value="/Library/Java/JavaVirtualMachines/jdk1.8.0_101.jdk/Contents/Home/jre/lib"/>
    <property name="sun.java.command" value="/Users/victorsmits/Dropbox/ECAM/MIN 4/Architecture and software quality/CarFactor/target/surefire/surefirebooter442760478646473989.jar /Users/victorsmits/Dropbox/ECAM/MIN 4/Architecture and software quality/CarFactor/target/surefire 2019-11-07T09-48-23_314-jvmRun1 surefire7156503807964771237tmp surefire_06691891774580616188tmp"/>
    <property name="http.nonProxyHosts" value="local|*.local|169.254/16|*.169.254/16"/>
    <property name="surefire.test.class.path" value="/Users/victorsmits/Dropbox/ECAM/MIN 4/Architecture and software quality/CarFactor/target/test-classes:/Users/victorsmits/Dropbox/ECAM/MIN 4/Architecture and software quality/CarFactor/target/classes:/Users/victorsmits/.m2/repository/org/apache/maven/plugins/maven-surefire-report-plugin/3.0.0-M3/maven-surefire-report-plugin-3.0.0-M3.jar:/Users/victorsmits/.m2/repository/org/apache/maven/surefire/surefire-report-parser/3.0.0-M3/surefire-report-parser-3.0.0-M3.jar:/Users/victorsmits/.m2/repository/org/apache/maven/surefire/surefire-logger-api/3.0.0-M3/surefire-logger-api-3.0.0-M3.jar:/Users/victorsmits/.m2/repository/org/apache/maven/reporting/maven-reporting-api/3.0/maven-reporting-api-3.0.jar:/Users/victorsmits/.m2/repository/org/apache/maven/maven-plugin-api/3.0/maven-plugin-api-3.0.jar:/Users/victorsmits/.m2/repository/org/apache/maven/maven-model/3.0/maven-model-3.0.jar:/Users/victorsmits/.m2/repository/org/apache/maven/maven-artifact/3.0/maven-artifact-3.0.jar:/Users/victorsmits/.m2/repository/org/sonatype/sisu/sisu-inject-plexus/1.4.2/sisu-inject-plexus-1.4.2.jar:/Users/victorsmits/.m2/repository/org/codehaus/plexus/plexus-classworlds/2.2.3/plexus-classworlds-2.2.3.jar:/Users/victorsmits/.m2/repository/org/sonatype/sisu/sisu-inject-bean/1.4.2/sisu-inject-bean-1.4.2.jar:/Users/victorsmits/.m2/repository/org/sonatype/sisu/sisu-guice/2.1.7/sisu-guice-2.1.7-noaop.jar:/Users/victorsmits/.m2/repository/org/apache/maven/reporting/maven-reporting-impl/3.0.0/maven-reporting-impl-3.0.0.jar:/Users/victorsmits/.m2/repository/org/apache/maven/maven-core/3.0/maven-core-3.0.jar:/Users/victorsmits/.m2/repository/org/apache/maven/maven-settings/3.0/maven-settings-3.0.jar:/Users/victorsmits/.m2/repository/org/apache/maven/maven-settings-builder/3.0/maven-settings-builder-3.0.jar:/Users/victorsmits/.m2/repository/org/apache/maven/maven-repository-metadata/3.0/maven-repository-metadata-3.0.jar:/Users/victorsmits/.m2/repository/org/apache/maven/maven-model-builder/3.0/maven-model-builder-3.0.jar:/Users/victorsmits/.m2/repository/org/apache/maven/maven-aether-provider/3.0/maven-aether-provider-3.0.jar:/Users/victorsmits/.m2/repository/org/sonatype/aether/aether-impl/1.7/aether-impl-1.7.jar:/Users/victorsmits/.m2/repository/org/sonatype/aether/aether-spi/1.7/aether-spi-1.7.jar:/Users/victorsmits/.m2/repository/org/sonatype/aether/aether-api/1.7/aether-api-1.7.jar:/Users/victorsmits/.m2/repository/org/sonatype/aether/aether-util/1.7/aether-util-1.7.jar:/Users/victorsmits/.m2/repository/org/codehaus/plexus/plexus-interpolation/1.14/plexus-interpolation-1.14.jar:/Users/victorsmits/.m2/repository/org/sonatype/plexus/plexus-sec-dispatcher/1.3/plexus-sec-dispatcher-1.3.jar:/Users/victorsmits/.m2/repository/org/sonatype/plexus/plexus-cipher/1.4/plexus-cipher-1.4.jar:/Users/victorsmits/.m2/repository/org/apache/maven/shared/maven-shared-utils/3.2.0/maven-shared-utils-3.2.0.jar:/Users/victorsmits/.m2/repository/commons-io/commons-io/2.5/commons-io-2.5.jar:/Users/victorsmits/.m2/repository/org/codehaus/plexus/plexus-utils/3.0.24/plexus-utils-3.0.24.jar:/Users/victorsmits/.m2/repository/org/apache/maven/doxia/doxia-sink-api/1.8/doxia-sink-api-1.8.jar:/Users/victorsmits/.m2/repository/org/apache/maven/doxia/doxia-logging-api/1.8/doxia-logging-api-1.8.jar:/Users/victorsmits/.m2/repository/org/apache/maven/doxia/doxia-decoration-model/1.8.1/doxia-decoration-model-1.8.1.jar:/Users/victorsmits/.m2/repository/org/codehaus/plexus/plexus-component-annotations/1.6/plexus-component-annotations-1.6.jar:/Users/victorsmits/.m2/repository/org/apache/maven/doxia/doxia-core/1.8/doxia-core-1.8.jar:/Users/victorsmits/.m2/repository/org/codehaus/plexus/plexus-container-default/1.7.1/plexus-container-default-1.7.1.jar:/Users/victorsmits/.m2/repository/org/apache/xbean/xbean-reflect/3.7/xbean-reflect-3.7.jar:/Users/victorsmits/.m2/repository/com/google/collections/google-collections/1.0/google-collections-1.0.jar:/Users/victorsmits/.m2/repository/org/apache/commons/commons-lang3/3.5/commons-lang3-3.5.jar:/Users/victorsmits/.m2/repository/org/apache/httpcomponents/httpclient/4.0.2/httpclient-4.0.2.jar:/Users/victorsmits/.m2/repository/commons-logging/commons-logging/1.1.1/commons-logging-1.1.1.jar:/Users/victorsmits/.m2/repository/commons-codec/commons-codec/1.3/commons-codec-1.3.jar:/Users/victorsmits/.m2/repository/org/apache/httpcomponents/httpcore/4.0.1/httpcore-4.0.1.jar:/Users/victorsmits/.m2/repository/org/apache/maven/doxia/doxia-site-renderer/1.8.1/doxia-site-renderer-1.8.1.jar:/Users/victorsmits/.m2/repository/org/apache/maven/doxia/doxia-skin-model/1.8.1/doxia-skin-model-1.8.1.jar:/Users/victorsmits/.m2/repository/org/apache/maven/doxia/doxia-module-xhtml/1.8/doxia-module-xhtml-1.8.jar:/Users/victorsmits/.m2/repository/org/codehaus/plexus/plexus-i18n/1.0-beta-7/plexus-i18n-1.0-beta-7.jar:/Users/victorsmits/.m2/repository/org/codehaus/plexus/plexus-velocity/1.2/plexus-velocity-1.2.jar:/Users/victorsmits/.m2/repository/org/apache/velocity/velocity/1.7/velocity-1.7.jar:/Users/victorsmits/.m2/repository/org/apache/velocity/velocity-tools/2.0/velocity-tools-2.0.jar:/Users/victorsmits/.m2/repository/commons-beanutils/commons-beanutils/1.7.0/commons-beanutils-1.7.0.jar:/Users/victorsmits/.m2/repository/commons-digester/commons-digester/1.8/commons-digester-1.8.jar:/Users/victorsmits/.m2/repository/commons-chain/commons-chain/1.1/commons-chain-1.1.jar:/Users/victorsmits/.m2/repository/commons-validator/commons-validator/1.3.1/commons-validator-1.3.1.jar:/Users/victorsmits/.m2/repository/dom4j/dom4j/1.1/dom4j-1.1.jar:/Users/victorsmits/.m2/repository/oro/oro/2.0.8/oro-2.0.8.jar:/Users/victorsmits/.m2/repository/sslext/sslext/1.2-0/sslext-1.2-0.jar:/Users/victorsmits/.m2/repository/org/apache/struts/struts-core/1.3.8/struts-core-1.3.8.jar:/Users/victorsmits/.m2/repository/antlr/antlr/2.7.2/antlr-2.7.2.jar:/Users/victorsmits/.m2/repository/org/apache/struts/struts-taglib/1.3.8/struts-taglib-1.3.8.jar:/Users/victorsmits/.m2/repository/org/apache/struts/struts-tiles/1.3.8/struts-tiles-1.3.8.jar:/Users/victorsmits/.m2/repository/commons-collections/commons-collections/3.2.1/commons-collections-3.2.1.jar:/Users/victorsmits/.m2/repository/commons-lang/commons-lang/2.6/commons-lang-2.6.jar:/Users/victorsmits/.m2/repository/org/apache/maven/plugins/maven-surefire-plugin/3.0.0-M3/maven-surefire-plugin-3.0.0-M3.jar:/Users/victorsmits/.m2/repository/org/apache/maven/surefire/maven-surefire-common/3.0.0-M3/maven-surefire-common-3.0.0-M3.jar:/Users/victorsmits/.m2/repository/org/apache/maven/surefire/surefire-api/3.0.0-M3/surefire-api-3.0.0-M3.jar:/Users/victorsmits/.m2/repository/org/apache/maven/surefire/surefire-booter/3.0.0-M3/surefire-booter-3.0.0-M3.jar:/Users/victorsmits/.m2/repository/org/apache/maven/maven-toolchain/3.0-alpha-2/maven-toolchain-3.0-alpha-2.jar:/Users/victorsmits/.m2/repository/org/apache/maven/maven-compat/3.0-alpha-2/maven-compat-3.0-alpha-2.jar:/Users/victorsmits/.m2/repository/org/apache/maven/wagon/wagon-provider-api/1.0-beta-4/wagon-provider-api-1.0-beta-4.jar:/Users/victorsmits/.m2/repository/org/codehaus/plexus/plexus-java/1.0.1/plexus-java-1.0.1.jar:/Users/victorsmits/.m2/repository/org/ow2/asm/asm/7.0-beta/asm-7.0-beta.jar:/Users/victorsmits/.m2/repository/com/thoughtworks/qdox/qdox/2.0-M9/qdox-2.0-M9.jar:/Users/victorsmits/.m2/repository/org/junit/jupiter/junit-jupiter/5.5.2/junit-jupiter-5.5.2.jar:/Users/victorsmits/.m2/repository/org/junit/jupiter/junit-jupiter-params/5.5.2/junit-jupiter-params-5.5.2.jar:/Users/victorsmits/.m2/repository/org/junit/jupiter/junit-jupiter-api/5.5.2/junit-jupiter-api-5.5.2.jar:/Users/victorsmits/.m2/repository/org/apiguardian/apiguardian-api/1.1.0/apiguardian-api-1.1.0.jar:/Users/victorsmits/.m2/repository/org/opentest4j/opentest4j/1.2.0/opentest4j-1.2.0.jar:/Users/victorsmits/.m2/repository/org/junit/platform/junit-platform-commons/1.5.2/junit-platform-commons-1.5.2.jar:/Users/victorsmits/.m2/repository/org/junit/jupiter/junit-jupiter-engine/5.5.2/junit-jupiter-engine-5.5.2.jar:/Users/victorsmits/.m2/repository/org/junit/platform/junit-platform-engine/1.5.2/junit-platform-engine-1.5.2.jar:"/>
    <property name="sun.cpu.endian" value="little"/>
    <property name="user.home" value="/Users/victorsmits"/>
    <property name="user.language" value="fr"/>
    <property name="java.specification.vendor" value="Oracle Corporation"/>
    <property name="java.home" value="/Library/Java/JavaVirtualMachines/jdk1.8.0_101.jdk/Contents/Home/jre"/>
    <property name="basedir" value="/Users/victorsmits/Dropbox/ECAM/MIN 4/Architecture and software quality/CarFactor"/>
    <property name="file.separator" value="/"/>
    <property name="line.separator" value="&#10;"/>
    <property name="java.vm.specification.vendor" value="Oracle Corporation"/>
    <property name="java.specification.name" value="Java Platform API Specification"/>
    <property name="java.awt.graphicsenv" value="sun.awt.CGraphicsEnvironment"/>
    <property name="surefire.real.class.path" value="/Users/victorsmits/Dropbox/ECAM/MIN 4/Architecture and software quality/CarFactor/target/surefire/surefirebooter442760478646473989.jar"/>
    <property name="sun.boot.class.path" value="/Library/Java/JavaVirtualMachines/jdk1.8.0_101.jdk/Contents/Home/jre/lib/resources.jar:/Library/Java/JavaVirtualMachines/jdk1.8.0_101.jdk/Contents/Home/jre/lib/rt.jar:/Library/Java/JavaVirtualMachines/jdk1.8.0_101.jdk/Contents/Home/jre/lib/sunrsasign.jar:/Library/Java/JavaVirtualMachines/jdk1.8.0_101.jdk/Contents/Home/jre/lib/jsse.jar:/Library/Java/JavaVirtualMachines/jdk1.8.0_101.jdk/Contents/Home/jre/lib/jce.jar:/Library/Java/JavaVirtualMachines/jdk1.8.0_101.jdk/Contents/Home/jre/lib/charsets.jar:/Library/Java/JavaVirtualMachines/jdk1.8.0_101.jdk/Contents/Home/jre/lib/jfr.jar:/Library/Java/JavaVirtualMachines/jdk1.8.0_101.jdk/Contents/Home/jre/classes"/>
    <property name="sun.management.compiler" value="HotSpot 64-Bit Tiered Compilers"/>
    <property name="ftp.nonProxyHosts" value="local|*.local|169.254/16|*.169.254/16"/>
    <property name="java.runtime.version" value="1.8.0_101-b13"/>
    <property name="user.name" value="victorsmits"/>
    <property name="path.separator" value=":"/>
    <property name="os.version" value="10.14.6"/>
    <property name="java.endorsed.dirs" value="/Library/Java/JavaVirtualMachines/jdk1.8.0_101.jdk/Contents/Home/jre/lib/endorsed"/>
    <property name="java.runtime.name" value="Java(TM) SE Runtime Environment"/>
    <property name="file.encoding" value="UTF-8"/>
    <property name="java.vm.name" value="Java HotSpot(TM) 64-Bit Server VM"/>
    <property name="localRepository" value="/Users/victorsmits/.m2/repository"/>
    <property name="java.vendor.url.bug" value="http://bugreport.sun.com/bugreport/"/>
    <property name="java.io.tmpdir" value="/var/folders/36/5_61555s61l9p3mn1sh52g2r0000gn/T/"/>
    <property name="java.version" value="1.8.0_101"/>
    <property name="user.dir" value="/Users/victorsmits/Dropbox/ECAM/MIN 4/Architecture and software quality/CarFactor"/>
    <property name="os.arch" value="x86_64"/>
    <property name="java.vm.specification.name" value="Java Virtual Machine Specification"/>
    <property name="java.awt.printerjob" value="sun.lwawt.macosx.CPrinterJob"/>
    <property name="sun.os.patch.level" value="unknown"/>
    <property name="java.library.path" value="/Users/victorsmits/Library/Java/Extensions:/Library/Java/Extensions:/Network/Library/Java/Extensions:/System/Library/Java/Extensions:/usr/lib/java:."/>
    <property name="java.vm.info" value="mixed mode"/>
    <property name="java.vendor" value="Oracle Corporation"/>
    <property name="java.vm.version" value="25.101-b13"/>
    <property name="idea.version2019.3" value="true"/>
    <property name="java.ext.dirs" value="/Users/victorsmits/Library/Java/Extensions:/Library/Java/JavaVirtualMachines/jdk1.8.0_101.jdk/Contents/Home/jre/lib/ext:/Library/Java/Extensions:/Network/Library/Java/Extensions:/System/Library/Java/Extensions:/usr/lib/java"/>
    <property name="sun.io.unicode.encoding" value="UnicodeBig"/>
    <property name="java.class.version" value="52.0"/>
    <property name="socksNonProxyHosts" value="local|*.local|169.254/16|*.169.254/16"/>
  </properties>
  <testcase name="testIsValid" classname="CarFactor.CriterionNormTest" time="0"/>
</testsuite>