<?xml version="1.0" encoding="UTF-8"?>
<testsuite xmlns:xsi="http://www.w3.org/2001/XMLSchema-instance" xsi:noNamespaceSchemaLocation="https://maven.apache.org/surefire/maven-surefire-plugin/xsd/surefire-test-report.xsd" name="CarFactor.CriterionPowerTest" time="0" tests="1" errors="0" skipped="0" failures="0">
  <properties>
    <property name="gopherProxySet" value="false"/>
    <property name="awt.toolkit" value="sun.lwawt.macosx.LWCToolkit"/>
    <property name="file.encoding.pkg" value="sun.io"/>
    <property name="java.specification.version" value="1.8"/>
    <property name="sun.cpu.isalist" value=""/>
    <property name="sun.jnu.encoding" value="UTF-8"/>
    <property name="java.class.path" value="/Users/victorsmits/Dropbox/ECAM/MIN 4/Architecture and software quality/CarFactor/target/test-classes:/Users/victorsmits/Dropbox/ECAM/MIN 4/Architecture and software quality/CarFactor/target/classes:/Users/victorsmits/.m2/repository/org/junit/jupiter/junit-jupiter/5.5.0-M1/junit-jupiter-5.5.0-M1.jar:/Users/victorsmits/.m2/repository/org/junit/jupiter/junit-jupiter-api/5.5.0-M1/junit-jupiter-api-5.5.0-M1.jar:/Users/victorsmits/.m2/repository/org/apiguardian/apiguardian-api/1.0.0/apiguardian-api-1.0.0.jar:/Users/victorsmits/.m2/repository/org/opentest4j/opentest4j/1.1.1/opentest4j-1.1.1.jar:/Users/victorsmits/.m2/repository/org/junit/platform/junit-platform-commons/1.5.0-M1/junit-platform-commons-1.5.0-M1.jar:/Users/victorsmits/.m2/repository/org/junit/jupiter/junit-jupiter-params/5.5.0-M1/junit-jupiter-params-5.5.0-M1.jar:/Users/victorsmits/.m2/repository/org/junit/jupiter/junit-jupiter-engine/5.5.0-M1/junit-jupiter-engine-5.5.0-M1.jar:/Users/victorsmits/.m2/repository/org/junit/platform/junit-platform-engine/1.5.0-M1/junit-platform-engine-1.5.0-M1.jar:"/>
    <property name="java.vm.vendor" value="Oracle Corporation"/>
    <property name="sun.arch.data.model" value="64"/>
    <property name="java.vendor.url" value="http://java.oracle.com/"/>
    <property name="user.timezone" value=""/>
    <property name="java.vm.specification.version" value="1.8"/>
    <property name="os.name" value="Mac OS X"/>
    <property name="user.country" value="BE"/>
    <property name="sun.java.launcher" value="SUN_STANDARD"/>
    <property name="sun.boot.library.path" value="/Library/Java/JavaVirtualMachines/jdk1.8.0_131.jdk/Contents/Home/jre/lib"/>
    <property name="sun.java.command" value="/Users/victorsmits/Dropbox/ECAM/MIN 4/Architecture and software quality/CarFactor/target/surefire/surefirebooter7264675132537224899.jar /Users/victorsmits/Dropbox/ECAM/MIN 4/Architecture and software quality/CarFactor/target/surefire 2019-10-19T16-53-24_983-jvmRun1 surefire5455516829760012313tmp surefire_03850336857974537212tmp"/>
    <property name="http.nonProxyHosts" value="local|*.local|169.254/16|*.169.254/16"/>
    <property name="surefire.test.class.path" value="/Users/victorsmits/Dropbox/ECAM/MIN 4/Architecture and software quality/CarFactor/target/test-classes:/Users/victorsmits/Dropbox/ECAM/MIN 4/Architecture and software quality/CarFactor/target/classes:/Users/victorsmits/.m2/repository/org/junit/jupiter/junit-jupiter/5.5.0-M1/junit-jupiter-5.5.0-M1.jar:/Users/victorsmits/.m2/repository/org/junit/jupiter/junit-jupiter-api/5.5.0-M1/junit-jupiter-api-5.5.0-M1.jar:/Users/victorsmits/.m2/repository/org/apiguardian/apiguardian-api/1.0.0/apiguardian-api-1.0.0.jar:/Users/victorsmits/.m2/repository/org/opentest4j/opentest4j/1.1.1/opentest4j-1.1.1.jar:/Users/victorsmits/.m2/repository/org/junit/platform/junit-platform-commons/1.5.0-M1/junit-platform-commons-1.5.0-M1.jar:/Users/victorsmits/.m2/repository/org/junit/jupiter/junit-jupiter-params/5.5.0-M1/junit-jupiter-params-5.5.0-M1.jar:/Users/victorsmits/.m2/repository/org/junit/jupiter/junit-jupiter-engine/5.5.0-M1/junit-jupiter-engine-5.5.0-M1.jar:/Users/victorsmits/.m2/repository/org/junit/platform/junit-platform-engine/1.5.0-M1/junit-platform-engine-1.5.0-M1.jar:"/>
    <property name="sun.cpu.endian" value="little"/>
    <property name="user.home" value="/Users/victorsmits"/>
    <property name="user.language" value="fr"/>
    <property name="java.specification.vendor" value="Oracle Corporation"/>
    <property name="java.home" value="/Library/Java/JavaVirtualMachines/jdk1.8.0_131.jdk/Contents/Home/jre"/>
    <property name="basedir" value="/Users/victorsmits/Dropbox/ECAM/MIN 4/Architecture and software quality/CarFactor"/>
    <property name="file.separator" value="/"/>
    <property name="line.separator" value="&#10;"/>
    <property name="idea.version2019.2.3" value="true"/>
    <property name="java.vm.specification.vendor" value="Oracle Corporation"/>
    <property name="java.specification.name" value="Java Platform API Specification"/>
    <property name="java.awt.graphicsenv" value="sun.awt.CGraphicsEnvironment"/>
    <property name="surefire.real.class.path" value="/Users/victorsmits/Dropbox/ECAM/MIN 4/Architecture and software quality/CarFactor/target/surefire/surefirebooter7264675132537224899.jar"/>
    <property name="sun.boot.class.path" value="/Library/Java/JavaVirtualMachines/jdk1.8.0_131.jdk/Contents/Home/jre/lib/resources.jar:/Library/Java/JavaVirtualMachines/jdk1.8.0_131.jdk/Contents/Home/jre/lib/rt.jar:/Library/Java/JavaVirtualMachines/jdk1.8.0_131.jdk/Contents/Home/jre/lib/sunrsasign.jar:/Library/Java/JavaVirtualMachines/jdk1.8.0_131.jdk/Contents/Home/jre/lib/jsse.jar:/Library/Java/JavaVirtualMachines/jdk1.8.0_131.jdk/Contents/Home/jre/lib/jce.jar:/Library/Java/JavaVirtualMachines/jdk1.8.0_131.jdk/Contents/Home/jre/lib/charsets.jar:/Library/Java/JavaVirtualMachines/jdk1.8.0_131.jdk/Contents/Home/jre/lib/jfr.jar:/Library/Java/JavaVirtualMachines/jdk1.8.0_131.jdk/Contents/Home/jre/classes"/>
    <property name="sun.management.compiler" value="HotSpot 64-Bit Tiered Compilers"/>
    <property name="ftp.nonProxyHosts" value="local|*.local|169.254/16|*.169.254/16"/>
    <property name="java.runtime.version" value="1.8.0_131-b11"/>
    <property name="user.name" value="victorsmits"/>
    <property name="path.separator" value=":"/>
    <property name="os.version" value="10.15"/>
    <property name="java.endorsed.dirs" value="/Library/Java/JavaVirtualMachines/jdk1.8.0_131.jdk/Contents/Home/jre/lib/endorsed"/>
    <property name="java.runtime.name" value="Java(TM) SE Runtime Environment"/>
    <property name="file.encoding" value="UTF-8"/>
    <property name="java.vm.name" value="Java HotSpot(TM) 64-Bit Server VM"/>
    <property name="localRepository" value="/Users/victorsmits/.m2/repository"/>
    <property name="java.vendor.url.bug" value="http://bugreport.sun.com/bugreport/"/>
    <property name="java.io.tmpdir" value="/var/folders/wl/h8q82d4j5rd8zv1s4wppzh_w0000gn/T/"/>
    <property name="java.version" value="1.8.0_131"/>
    <property name="user.dir" value="/Users/victorsmits/Dropbox/ECAM/MIN 4/Architecture and software quality/CarFactor"/>
    <property name="os.arch" value="x86_64"/>
    <property name="java.vm.specification.name" value="Java Virtual Machine Specification"/>
    <property name="java.awt.printerjob" value="sun.lwawt.macosx.CPrinterJob"/>
    <property name="sun.os.patch.level" value="unknown"/>
    <property name="java.library.path" value="/Users/victorsmits/Library/Java/Extensions:/Library/Java/Extensions:/Network/Library/Java/Extensions:/System/Library/Java/Extensions:/usr/lib/java:."/>
    <property name="java.vm.info" value="mixed mode"/>
    <property name="java.vendor" value="Oracle Corporation"/>
    <property name="java.vm.version" value="25.131-b11"/>
    <property name="java.ext.dirs" value="/Users/victorsmits/Library/Java/Extensions:/Library/Java/JavaVirtualMachines/jdk1.8.0_131.jdk/Contents/Home/jre/lib/ext:/Library/Java/Extensions:/Network/Library/Java/Extensions:/System/Library/Java/Extensions:/usr/lib/java"/>
    <property name="sun.io.unicode.encoding" value="UnicodeBig"/>
    <property name="java.class.version" value="52.0"/>
    <property name="socksNonProxyHosts" value="local|*.local|169.254/16|*.169.254/16"/>
  </properties>
  <testcase name="testIsValid" classname="CarFactor.CriterionPowerTest" time="0"/>
</testsuite>